[debug] [2018-12-06T22:10:04.047Z] ----------------------------------------------------------------------
[debug] [2018-12-06T22:10:04.050Z] Command:       C:\Program Files\nodejs\node.exe C:\Users\Tanish Agarwal\AppData\Roaming\npm\node_modules\firebase-tools\lib\bin\firebase.js deploy
[debug] [2018-12-06T22:10:04.051Z] CLI Version:   6.1.2
[debug] [2018-12-06T22:10:04.051Z] Platform:      win32
[debug] [2018-12-06T22:10:04.051Z] Node Version:  v10.14.1
[debug] [2018-12-06T22:10:04.052Z] Time:          Fri Dec 07 2018 03:40:04 GMT+0530 (India Standard Time)
[debug] [2018-12-06T22:10:04.052Z] ----------------------------------------------------------------------
[debug] 
[debug] [2018-12-06T22:10:04.066Z] > command requires scopes: ["email","openid","https://www.googleapis.com/auth/cloudplatformprojects.readonly","https://www.googleapis.com/auth/firebase","https://www.googleapis.com/auth/cloud-platform"]
[debug] [2018-12-06T22:10:04.067Z] > authorizing via signed-in user
[debug] [2018-12-06T22:10:04.068Z] [iam] checking project portfolio-website-6f809 for permissions ["firebase.projects.get","firebasehosting.sites.update"]
[debug] [2018-12-06T22:10:04.070Z] > refreshing access token with scopes: ["email","https://www.googleapis.com/auth/cloud-platform","https://www.googleapis.com/auth/cloudplatformprojects.readonly","https://www.googleapis.com/auth/firebase","openid"]
[debug] [2018-12-06T22:10:04.071Z] >>> HTTP REQUEST POST https://www.googleapis.com/oauth2/v3/token  
 <request body omitted>
[debug] [2018-12-06T22:10:04.732Z] <<< HTTP RESPONSE 200
[debug] [2018-12-06T22:10:04.798Z] >>> HTTP REQUEST POST https://cloudresourcemanager.googleapis.com/v1/projects/portfolio-website-6f809:testIamPermissions  

[debug] [2018-12-06T22:10:10.267Z] <<< HTTP RESPONSE 200
[debug] [2018-12-06T22:10:10.268Z] >>> HTTP REQUEST GET https://firebase.googleapis.com/v1beta1/projects/portfolio-website-6f809  
 
[debug] [2018-12-06T22:10:27.852Z] Error: Client network socket disconnected before secure TLS connection was established
    at TLSSocket.onConnectEnd (_tls_wrap.js:1086:19)
    at Object.onceWrapper (events.js:273:13)
    at TLSSocket.emit (events.js:187:15)
    at TLSSocket.EventEmitter.emit (domain.js:442:20)
    at endReadableNT (_stream_readable.js:1094:12)
    at process._tickCallback (internal/process/next_tick.js:63:19)
[error] 
[error] Error: Server Error. Client network socket disconnected before secure TLS connection was established
